TN:
SF:src/App.jsx
FN:1,(empty-report)
FNF:1
FNH:0
FNDA:0,(empty-report)
DA:1,0
DA:2,0
DA:3,0
DA:4,0
DA:5,0
DA:6,0
DA:8,0
DA:9,0
DA:10,0
DA:11,0
DA:13,0
DA:14,0
DA:15,0
DA:16,0
DA:17,0
DA:18,0
DA:19,0
DA:20,0
DA:21,0
DA:22,0
DA:23,0
DA:24,0
DA:25,0
DA:27,0
DA:28,0
DA:29,0
DA:30,0
DA:31,0
DA:33,0
DA:34,0
DA:35,0
DA:36,0
DA:37,0
DA:38,0
DA:39,0
DA:40,0
DA:41,0
DA:42,0
DA:43,0
DA:45,0
DA:46,0
DA:47,0
DA:48,0
DA:49,0
DA:50,0
DA:51,0
DA:52,0
DA:53,0
DA:54,0
DA:55,0
DA:56,0
DA:58,0
DA:59,0
DA:61,0
DA:63,0
LF:55
LH:0
BRDA:1,0,0,0
BRF:1
BRH:0
end_of_record
TN:
SF:src/components/FileUpload.jsx
FN:25,classifyFile
FN:39,resolveMime
FN:59,getFileName
FN:69,normalizeMedia
FN:74,FileUpload
FN:90,notify
FN:94,updateUpload
FN:102,removeUpload
FN:110,uploadFile
FN:140,processFile
FN:175,onInputChange
FN:184,handleRemove
FN:203,onClick
FN:204,onClick
FN:247,onClick
FN:248,onClick
FN:282,onClick
FNF:17
FNH:13
FNDA:5,classifyFile
FNDA:3,resolveMime
FNDA:1,getFileName
FNDA:102,normalizeMedia
FNDA:99,FileUpload
FNDA:1,notify
FNDA:7,updateUpload
FNDA:3,removeUpload
FNDA:3,uploadFile
FNDA:5,processFile
FNDA:5,onInputChange
FNDA:1,handleRemove
FNDA:0,onClick
FNDA:1,onClick
FNDA:0,onClick
FNDA:0,onClick
FNDA:0,onClick
DA:1,1
DA:2,1
DA:3,1
DA:4,1
DA:6,1
DA:7,1
DA:8,1
DA:10,1
DA:11,1
DA:12,1
DA:13,1
DA:14,1
DA:15,1
DA:16,1
DA:18,1
DA:19,1
DA:20,1
DA:21,1
DA:22,1
DA:23,1
DA:25,1
DA:26,5
DA:27,5
DA:28,5
DA:29,5
DA:31,5
DA:32,5
DA:33,5
DA:34,5
DA:36,1
DA:37,1
DA:39,1
DA:40,3
DA:41,3
DA:42,1
DA:43,1
DA:44,1
DA:45,1
DA:46,1
DA:47,1
DA:48,1
DA:49,1
DA:50,1
DA:51,1
DA:52,1
DA:53,1
DA:54,1
DA:55,1
DA:56,3
DA:57,3
DA:59,1
DA:60,1
DA:61,0
DA:62,1
DA:64,1
DA:69,1
DA:70,102
DA:71,3
DA:72,99
DA:74,1
DA:75,99
DA:76,99
DA:77,99
DA:79,99
DA:80,99
DA:81,99
DA:82,21
DA:83,99
DA:85,99
DA:86,99
DA:87,25
DA:88,99
DA:90,99
DA:91,1
DA:92,1
DA:94,99
DA:95,7
DA:96,7
DA:97,7
DA:98,7
DA:99,7
DA:100,7
DA:102,99
DA:103,3
DA:104,3
DA:105,3
DA:106,3
DA:107,3
DA:108,3
DA:110,99
DA:111,3
DA:112,3
DA:114,3
DA:116,3
DA:117,3
DA:118,3
DA:120,3
DA:121,1
DA:122,1
DA:123,1
DA:124,3
DA:125,3
DA:126,3
DA:127,0
DA:128,3
DA:129,3
DA:130,3
DA:132,3
DA:133,3
DA:134,3
DA:135,3
DA:137,3
DA:138,3
DA:140,99
DA:141,5
DA:142,5
DA:143,1
DA:144,1
DA:145,1
DA:147,5
DA:148,1
DA:149,1
DA:150,1
DA:152,3
DA:153,3
DA:154,3
DA:155,3
DA:156,3
DA:157,3
DA:159,3
DA:160,3
DA:161,3
DA:162,3
DA:163,3
DA:164,3
DA:165,3
DA:166,3
DA:167,0
DA:168,0
DA:169,3
DA:170,3
DA:171,3
DA:172,3
DA:173,5
DA:175,99
DA:176,5
DA:177,5
DA:178,5
DA:179,5
DA:180,5
DA:181,5
DA:182,5
DA:184,99
DA:185,1
DA:186,1
DA:187,1
DA:189,99
DA:191,99
DA:192,99
DA:193,99
DA:194,1
DA:195,1
DA:196,1
DA:197,1
DA:198,1
DA:199,1
DA:200,1
DA:201,1
DA:202,1
DA:203,1
DA:204,1
DA:205,1
DA:206,1
DA:207,1
DA:208,1
DA:209,1
DA:212,99
DA:213,0
DA:214,0
DA:215,0
DA:216,0
DA:217,0
DA:218,0
DA:219,0
DA:220,0
DA:221,0
DA:222,0
DA:223,0
DA:224,0
DA:225,0
DA:226,0
DA:227,0
DA:228,0
DA:229,0
DA:230,0
DA:231,0
DA:234,99
DA:235,1
DA:236,1
DA:237,1
DA:238,1
DA:239,1
DA:240,1
DA:241,1
DA:242,1
DA:243,1
DA:244,1
DA:245,1
DA:246,1
DA:247,1
DA:248,1
DA:249,1
DA:250,1
DA:251,1
DA:252,1
DA:253,1
DA:256,99
DA:257,9
DA:258,9
DA:259,9
DA:260,9
DA:261,9
DA:262,9
DA:263,9
DA:264,9
DA:265,9
DA:266,9
DA:269,99
DA:270,99
DA:271,99
DA:272,99
DA:273,99
DA:274,99
DA:275,99
DA:276,99
DA:277,99
DA:278,99
DA:279,99
DA:280,99
DA:281,99
DA:282,99
DA:283,99
DA:284,99
DA:285,99
DA:287,99
DA:288,99
DA:289,99
DA:290,99
DA:292,99
DA:294,1
LF:250
LH:227
BRDA:25,0,0,5
BRDA:26,1,0,2
BRDA:27,2,0,2
BRDA:27,3,0,3
BRDA:27,4,0,2
BRDA:28,5,0,0
BRDA:28,6,0,2
BRDA:29,7,0,0
BRDA:29,8,0,2
BRDA:31,9,0,0
BRDA:32,10,0,0
BRDA:32,11,0,2
BRDA:33,12,0,1
BRDA:34,13,0,0
BRDA:34,14,0,1
BRDA:39,15,0,3
BRDA:41,16,0,2
BRDA:41,17,0,1
BRDA:54,18,0,0
BRDA:59,19,0,1
BRDA:60,20,0,0
BRDA:60,21,0,0
BRDA:69,22,0,102
BRDA:70,23,0,3
BRDA:70,24,0,3
BRDA:71,25,0,0
BRDA:71,26,0,0
BRDA:71,27,0,0
BRDA:71,28,0,99
BRDA:74,29,0,99
BRDA:193,30,0,1
BRDA:212,31,0,0
BRDA:234,32,0,1
BRDA:256,33,0,9
BRDA:284,34,0,98
BRDA:284,35,0,89
BRDA:284,36,0,10
BRDA:81,37,0,21
BRDA:86,38,0,25
BRDA:87,39,0,15
BRDA:90,40,0,1
BRDA:94,41,0,7
BRDA:95,42,0,7
BRDA:102,43,0,3
BRDA:103,44,0,3
BRDA:110,45,0,3
BRDA:116,46,0,3
BRDA:120,47,0,1
BRDA:125,48,0,3
BRDA:126,49,0,0
BRDA:140,50,0,5
BRDA:142,51,0,1
BRDA:145,52,0,4
BRDA:147,53,0,1
BRDA:150,54,0,3
BRDA:153,55,0,3
BRDA:160,56,0,3
BRDA:170,57,0,3
BRDA:175,58,0,5
BRDA:177,59,0,0
BRDA:184,60,0,1
BRDA:185,61,0,1
BRDA:197,62,0,1
BRDA:204,63,0,1
BRDA:238,64,0,1
BRDA:258,65,0,9
BRF:66
BRH:52
end_of_record
TN:
SF:src/components/ResponsiveModal.jsx
FN:1,(empty-report)
FNF:1
FNH:0
FNDA:0,(empty-report)
DA:1,0
DA:2,0
DA:3,0
DA:19,0
DA:20,0
DA:21,0
DA:22,0
DA:23,0
DA:24,0
DA:25,0
DA:26,0
DA:27,0
DA:28,0
DA:29,0
DA:30,0
DA:31,0
DA:32,0
DA:33,0
DA:34,0
DA:35,0
DA:36,0
DA:37,0
DA:38,0
DA:39,0
DA:40,0
DA:43,0
DA:44,0
DA:45,0
DA:46,0
DA:47,0
DA:48,0
DA:50,0
DA:51,0
DA:52,0
DA:55,0
DA:56,0
DA:57,0
DA:58,0
DA:59,0
DA:60,0
DA:62,0
DA:63,0
DA:64,0
DA:65,0
DA:66,0
DA:69,0
DA:70,0
DA:72,0
DA:73,0
DA:74,0
DA:76,0
DA:79,0
DA:80,0
DA:81,0
DA:82,0
DA:83,0
DA:85,0
DA:87,0
DA:88,0
DA:89,0
DA:90,0
DA:92,0
DA:93,0
DA:94,0
DA:95,0
DA:97,0
DA:98,0
DA:99,0
DA:100,0
DA:102,0
DA:103,0
DA:104,0
DA:105,0
DA:106,0
DA:107,0
DA:108,0
DA:110,0
DA:113,0
DA:114,0
DA:115,0
DA:116,0
DA:117,0
DA:118,0
DA:119,0
DA:120,0
DA:121,0
DA:122,0
DA:123,0
DA:124,0
DA:126,0
DA:127,0
DA:128,0
DA:129,0
DA:130,0
DA:133,0
DA:134,0
DA:135,0
DA:136,0
DA:137,0
DA:138,0
DA:139,0
DA:140,0
DA:141,0
DA:142,0
DA:143,0
DA:145,0
DA:147,0
DA:149,0
DA:150,0
DA:153,0
DA:154,0
DA:155,0
DA:156,0
DA:157,0
DA:158,0
DA:159,0
DA:161,0
DA:162,0
DA:163,0
DA:164,0
DA:165,0
DA:168,0
DA:169,0
DA:170,0
DA:171,0
DA:173,0
DA:174,0
DA:175,0
DA:178,0
DA:179,0
DA:180,0
DA:181,0
DA:182,0
DA:185,0
DA:186,0
DA:187,0
DA:189,0
DA:190,0
DA:191,0
DA:192,0
DA:193,0
DA:194,0
DA:195,0
DA:196,0
DA:197,0
DA:199,0
DA:200,0
DA:201,0
DA:202,0
DA:203,0
DA:204,0
DA:207,0
DA:208,0
DA:209,0
DA:210,0
DA:211,0
DA:212,0
DA:213,0
DA:214,0
DA:215,0
DA:216,0
DA:217,0
DA:218,0
DA:220,0
DA:221,0
DA:223,0
DA:224,0
DA:225,0
DA:226,0
DA:227,0
DA:228,0
DA:229,0
DA:231,0
DA:233,0
DA:237,0
DA:238,0
DA:239,0
DA:240,0
DA:241,0
DA:242,0
DA:243,0
DA:244,0
DA:246,0
LF:183
LH:0
BRDA:1,0,0,0
BRF:1
BRH:0
end_of_record
TN:
SF:src/components/SuccessPage.jsx
FN:1,SuccessPage
FNF:1
FNH:1
FNDA:3,SuccessPage
DA:1,3
DA:2,3
DA:3,3
DA:4,3
DA:5,3
DA:6,3
DA:7,3
DA:8,3
DA:9,3
DA:10,3
DA:11,3
DA:13,3
DA:14,3
DA:15,3
DA:16,3
DA:18,3
DA:19,3
DA:20,3
DA:21,3
DA:22,3
DA:24,3
DA:25,3
DA:26,3
DA:28,3
DA:30,1
LF:25
LH:25
BRDA:1,0,0,3
BRDA:15,1,0,1
BRF:2
BRH:2
end_of_record
TN:
SF:src/components/WarehouseForm.jsx
FN:54,toFormValues
FN:130,FormSteps
FN:153,onClick
FN:166,FormSpinner
FN:173,HelpTip
FN:180,Field
FN:194,TextInput
FN:200,onChange
FN:208,TextAreaInput
FN:212,onChange
FN:218,SelectInput
FN:227,onChange
FN:237,ToggleSwitch
FN:242,onClick
FN:249,onClick
FN:256,Section
FN:267,loadDraft
FN:279,saveDraft
FN:290,clearDraft
FN:294,WarehouseForm
FN:311,update
FN:376,set
FN:385,getStepErrors
FN:418,validateStep
FN:439,canNavigateToStep
FN:447,handleNext
FN:455,handlePrev
FN:460,handleStepClick
FN:468,handleSubmit
FN:600,addSpace
FN:601,removeSpace
FN:602,setSpace
FN:611,row
FN:614,col
FN:640,onClick
FN:714,onChange
FN:839,onChange
FN:849,onClick
FN:962,onChange
FN:991,onChange
FNF:40
FNH:21
FNDA:10,toFormValues
FNDA:80,FormSteps
FNDA:0,onClick
FNDA:0,FormSpinner
FNDA:1600,HelpTip
FNDA:4960,Field
FNDA:3280,TextInput
FNDA:43,onChange
FNDA:400,TextAreaInput
FNDA:0,onChange
FNDA:640,SelectInput
FNDA:3,onChange
FNDA:480,ToggleSwitch
FNDA:0,onClick
FNDA:0,onClick
FNDA:480,Section
FNDA:10,loadDraft
FNDA:0,saveDraft
FNDA:1,clearDraft
FNDA:81,WarehouseForm
FNDA:0,update
FNDA:4640,set
FNDA:459,getStepErrors
FNDA:4,validateStep
FNDA:400,canNavigateToStep
FNDA:4,handleNext
FNDA:0,handlePrev
FNDA:0,handleStepClick
FNDA:0,handleSubmit
FNDA:0,addSpace
FNDA:0,removeSpace
FNDA:0,setSpace
FNDA:2560,row
FNDA:4400,col
FNDA:0,onClick
FNDA:0,onChange
FNDA:0,onChange
FNDA:0,onClick
FNDA:0,onChange
FNDA:0,onChange
DA:1,1
DA:2,1
DA:3,1
DA:4,1
DA:5,1
DA:6,1
DA:10,1
DA:11,1
DA:12,1
DA:13,1
DA:14,1
DA:15,1
DA:16,1
DA:17,1
DA:18,1
DA:19,1
DA:20,1
DA:21,1
DA:22,1
DA:23,1
DA:25,1
DA:26,1
DA:27,1
DA:28,1
DA:29,1
DA:30,1
DA:31,1
DA:32,1
DA:33,1
DA:34,1
DA:35,1
DA:37,1
DA:38,1
DA:39,1
DA:40,1
DA:41,1
DA:42,1
DA:43,1
DA:44,1
DA:45,1
DA:46,1
DA:47,1
DA:48,1
DA:49,1
DA:50,1
DA:51,1
DA:54,1
DA:55,10
DA:56,10
DA:57,10
DA:58,10
DA:59,10
DA:60,10
DA:61,10
DA:62,10
DA:63,10
DA:64,10
DA:65,10
DA:66,10
DA:67,10
DA:68,10
DA:69,0
DA:70,2
DA:71,10
DA:72,10
DA:73,10
DA:74,10
DA:75,10
DA:76,10
DA:77,10
DA:78,10
DA:79,10
DA:80,10
DA:81,10
DA:82,10
DA:83,10
DA:84,10
DA:85,10
DA:86,10
DA:87,10
DA:88,10
DA:89,10
DA:91,10
DA:92,10
DA:93,10
DA:94,10
DA:95,10
DA:96,10
DA:97,10
DA:98,10
DA:99,10
DA:100,10
DA:101,10
DA:102,10
DA:103,10
DA:104,10
DA:105,10
DA:106,10
DA:107,10
DA:108,10
DA:109,10
DA:110,10
DA:111,10
DA:112,10
DA:113,10
DA:114,10
DA:115,10
DA:116,10
DA:117,10
DA:118,10
DA:119,10
DA:120,10
DA:121,10
DA:122,10
DA:123,10
DA:124,10
DA:125,10
DA:126,10
DA:130,1
DA:131,80
DA:132,80
DA:133,80
DA:134,480
DA:135,480
DA:136,480
DA:137,480
DA:138,480
DA:139,480
DA:140,480
DA:141,480
DA:142,480
DA:143,480
DA:144,480
DA:147,480
DA:148,480
DA:149,480
DA:150,480
DA:151,480
DA:152,480
DA:153,480
DA:155,480
DA:156,480
DA:157,480
DA:158,480
DA:160,80
DA:161,80
DA:162,80
DA:163,80
DA:166,1
DA:167,0
DA:168,0
DA:169,0
DA:170,0
DA:173,1
DA:174,1600
DA:175,1600
DA:176,1600
DA:177,1600
DA:180,1
DA:181,4960
DA:182,4960
DA:183,4960
DA:184,4960
DA:185,4960
DA:186,4960
DA:187,4960
DA:189,4960
DA:190,4960
DA:191,4960
DA:194,1
DA:195,3280
DA:196,3280
DA:197,3280
DA:198,3280
DA:199,3280
DA:200,3280
DA:201,3280
DA:202,3280
DA:203,3280
DA:204,3280
DA:205,3280
DA:208,1
DA:209,400
DA:210,400
DA:211,400
DA:212,400
DA:213,400
DA:214,400
DA:215,400
DA:218,1
DA:222,640
DA:223,640
DA:224,640
DA:225,640
DA:226,640
DA:227,640
DA:228,640
DA:230,640
DA:231,640
DA:232,640
DA:233,640
DA:235,640
DA:237,1
DA:238,480
DA:239,480
DA:240,480
DA:241,480
DA:242,480
DA:244,480
DA:245,480
DA:246,480
DA:247,480
DA:248,480
DA:249,480
DA:251,480
DA:252,480
DA:253,480
DA:256,1
DA:257,480
DA:258,480
DA:259,480
DA:260,480
DA:265,1
DA:267,1
DA:268,10
DA:269,10
DA:270,10
DA:271,3
DA:272,10
DA:273,2
DA:274,10
DA:275,1
DA:276,1
DA:277,10
DA:279,1
DA:280,0
DA:281,0
DA:282,0
DA:283,0
DA:284,0
DA:285,0
DA:287,0
DA:288,0
DA:290,1
DA:291,1
DA:292,1
DA:294,1
DA:295,81
DA:296,81
DA:297,81
DA:298,81
DA:299,81
DA:300,81
DA:301,81
DA:302,81
DA:303,81
DA:308,81
DA:309,13
DA:310,0
DA:311,0
DA:312,0
DA:313,0
DA:314,0
DA:315,0
DA:316,0
DA:317,0
DA:318,0
DA:319,0
DA:320,0
DA:321,0
DA:322,81
DA:325,81
DA:326,14
DA:328,0
DA:329,0
DA:330,0
DA:331,0
DA:332,81
DA:335,81
DA:336,81
DA:337,81
DA:338,13
DA:340,12
DA:341,12
DA:343,2
DA:344,2
DA:345,2
DA:346,12
DA:347,10
DA:348,10
DA:349,10
DA:350,10
DA:351,12
DA:352,12
DA:353,12
DA:354,12
DA:356,81
DA:359,81
DA:360,73
DA:361,68
DA:362,68
DA:363,81
DA:366,81
DA:367,18
DA:368,2
DA:369,18
DA:371,0
DA:372,0
DA:373,0
DA:374,81
DA:376,81
DA:377,46
DA:378,46
DA:380,46
DA:381,46
DA:385,81
DA:386,459
DA:387,459
DA:388,459
DA:389,459
DA:390,459
DA:391,459
DA:392,459
DA:393,459
DA:394,459
DA:395,459
DA:396,459
DA:397,0
DA:398,0
DA:399,0
DA:400,0
DA:401,0
DA:402,0
DA:403,0
DA:404,459
DA:405,459
DA:406,459
DA:408,459
DA:409,0
DA:410,0
DA:411,0
DA:412,0
DA:413,0
DA:415,459
DA:416,459
DA:418,81
DA:419,4
DA:420,4
DA:422,4
DA:423,4
DA:424,4
DA:425,4
DA:426,4
DA:428,4
DA:429,3
DA:430,3
DA:431,3
DA:432,3
DA:433,3
DA:434,3
DA:435,3
DA:436,1
DA:437,4
DA:439,81
DA:440,400
DA:441,400
DA:442,455
DA:443,455
DA:444,14
DA:445,400
DA:447,81
DA:448,4
DA:449,4
DA:450,1
DA:451,1
DA:452,1
DA:453,4
DA:455,81
DA:456,0
DA:457,0
DA:458,0
DA:460,81
DA:461,0
DA:462,0
DA:463,0
DA:464,0
DA:468,81
DA:469,0
DA:473,0
DA:474,0
DA:475,0
DA:476,0
DA:477,0
DA:478,0
DA:480,0
DA:481,0
DA:483,0
DA:484,0
DA:487,0
DA:488,0
DA:490,0
DA:491,0
DA:492,0
DA:493,0
DA:494,0
DA:495,0
DA:496,0
DA:497,0
DA:498,0
DA:499,0
DA:500,0
DA:501,0
DA:502,0
DA:503,0
DA:504,0
DA:505,0
DA:506,0
DA:507,0
DA:508,0
DA:509,0
DA:510,0
DA:511,0
DA:512,0
DA:514,0
DA:515,0
DA:516,0
DA:517,0
DA:518,0
DA:519,0
DA:520,0
DA:521,0
DA:522,0
DA:523,0
DA:524,0
DA:525,0
DA:526,0
DA:527,0
DA:528,0
DA:529,0
DA:530,0
DA:531,0
DA:532,0
DA:533,0
DA:534,0
DA:535,0
DA:536,0
DA:537,0
DA:538,0
DA:539,0
DA:540,0
DA:541,0
DA:542,0
DA:543,0
DA:544,0
DA:545,0
DA:546,0
DA:547,0
DA:548,0
DA:549,0
DA:550,0
DA:551,0
DA:552,0
DA:553,0
DA:554,0
DA:555,0
DA:556,0
DA:557,0
DA:558,0
DA:559,0
DA:560,0
DA:561,0
DA:562,0
DA:563,0
DA:564,0
DA:565,0
DA:566,0
DA:568,0
DA:569,0
DA:570,0
DA:571,0
DA:572,0
DA:573,0
DA:575,0
DA:576,0
DA:577,0
DA:578,0
DA:579,0
DA:581,81
DA:582,1
DA:583,1
DA:584,1
DA:585,1
DA:586,1
DA:587,1
DA:588,81
DA:590,81
DA:591,0
DA:592,0
DA:593,0
DA:594,0
DA:595,0
DA:596,81
DA:600,81
DA:601,81
DA:602,81
DA:603,0
DA:604,0
DA:605,0
DA:606,0
DA:610,81
DA:611,81
DA:612,2560
DA:614,81
DA:615,4400
DA:616,4400
DA:617,4400
DA:620,81
DA:622,80
DA:623,81
DA:624,81
DA:625,81
DA:626,0
DA:627,0
DA:628,0
DA:629,0
DA:630,0
DA:631,0
DA:633,81
DA:634,81
DA:635,2
DA:636,2
DA:637,2
DA:638,2
DA:639,2
DA:640,2
DA:641,2
DA:643,2
DA:644,2
DA:645,2
DA:646,2
DA:647,2
DA:648,2
DA:650,2
DA:651,2
DA:653,81
DA:654,81
DA:655,81
DA:656,81
DA:657,81
DA:658,81
DA:659,81
DA:662,81
DA:663,81
DA:664,81
DA:665,81
DA:666,81
DA:667,81
DA:668,81
DA:669,81
DA:670,81
DA:671,81
DA:672,81
DA:673,81
DA:674,81
DA:675,81
DA:677,81
DA:678,81
DA:679,81
DA:680,81
DA:681,81
DA:682,81
DA:683,81
DA:685,81
DA:686,81
DA:687,81
DA:688,81
DA:689,81
DA:690,81
DA:691,81
DA:692,81
DA:693,81
DA:694,81
DA:695,81
DA:696,81
DA:698,81
DA:699,81
DA:700,81
DA:701,81
DA:702,81
DA:703,81
DA:704,81
DA:705,81
DA:706,81
DA:707,81
DA:708,81
DA:709,81
DA:711,81
DA:712,81
DA:713,81
DA:714,81
DA:715,81
DA:716,81
DA:717,81
DA:718,81
DA:719,81
DA:720,81
DA:721,81
DA:722,81
DA:724,81
DA:725,81
DA:726,81
DA:727,81
DA:728,81
DA:729,81
DA:730,81
DA:731,81
DA:732,81
DA:733,81
DA:734,81
DA:735,81
DA:737,81
DA:738,81
DA:739,81
DA:740,81
DA:741,81
DA:742,81
DA:743,81
DA:744,81
DA:745,81
DA:748,81
DA:749,81
DA:750,81
DA:751,81
DA:752,81
DA:754,81
DA:755,81
DA:756,81
DA:757,81
DA:758,81
DA:759,81
DA:760,81
DA:761,81
DA:762,81
DA:763,81
DA:764,81
DA:765,81
DA:767,81
DA:768,81
DA:769,81
DA:770,81
DA:771,81
DA:772,81
DA:773,81
DA:774,81
DA:775,81
DA:776,81
DA:777,81
DA:778,81
DA:780,81
DA:781,81
DA:782,81
DA:784,81
DA:785,81
DA:786,81
DA:787,81
DA:788,81
DA:789,81
DA:790,81
DA:791,81
DA:792,81
DA:793,81
DA:794,81
DA:795,81
DA:797,81
DA:798,81
DA:799,81
DA:800,81
DA:801,81
DA:802,81
DA:803,81
DA:804,81
DA:805,81
DA:806,81
DA:807,81
DA:808,81
DA:810,81
DA:811,81
DA:812,81
DA:813,81
DA:814,81
DA:815,81
DA:816,81
DA:817,81
DA:818,81
DA:821,81
DA:822,81
DA:823,81
DA:824,81
DA:825,81
DA:826,81
DA:827,81
DA:828,81
DA:829,81
DA:831,81
DA:832,81
DA:833,80
DA:834,80
DA:835,80
DA:836,80
DA:837,80
DA:838,80
DA:839,80
DA:840,80
DA:841,80
DA:842,80
DA:843,80
DA:844,80
DA:845,80
DA:846,0
DA:847,0
DA:848,0
DA:849,0
DA:850,0
DA:851,0
DA:853,0
DA:855,80
DA:856,81
DA:857,81
DA:859,81
DA:860,81
DA:861,81
DA:862,81
DA:864,81
DA:865,81
DA:866,81
DA:867,81
DA:868,81
DA:869,81
DA:870,81
DA:871,81
DA:872,81
DA:873,81
DA:874,81
DA:875,81
DA:877,81
DA:878,81
DA:879,81
DA:880,81
DA:881,81
DA:882,81
DA:883,81
DA:884,81
DA:885,81
DA:886,81
DA:887,81
DA:888,81
DA:890,81
DA:891,81
DA:892,81
DA:893,81
DA:894,81
DA:895,81
DA:896,81
DA:897,81
DA:898,81
DA:899,81
DA:900,81
DA:901,81
DA:903,81
DA:904,81
DA:905,81
DA:906,81
DA:907,81
DA:908,81
DA:909,81
DA:910,81
DA:911,81
DA:912,81
DA:913,81
DA:914,81
DA:916,81
DA:917,81
DA:918,81
DA:919,81
DA:920,81
DA:921,81
DA:922,81
DA:923,81
DA:924,81
DA:925,81
DA:926,81
DA:927,81
DA:929,81
DA:930,81
DA:931,81
DA:932,81
DA:933,81
DA:934,81
DA:935,81
DA:936,81
DA:937,81
DA:938,81
DA:939,81
DA:940,81
DA:942,81
DA:943,81
DA:944,81
DA:945,81
DA:946,81
DA:947,81
DA:948,81
DA:949,81
DA:950,81
DA:951,81
DA:952,81
DA:953,81
DA:955,81
DA:956,81
DA:957,81
DA:959,81
DA:960,81
DA:961,81
DA:962,81
DA:963,81
DA:964,81
DA:965,81
DA:967,81
DA:968,81
DA:969,81
DA:970,81
DA:971,81
DA:972,81
DA:973,81
DA:974,81
DA:975,81
DA:976,81
DA:977,81
DA:978,81
DA:980,81
DA:981,81
DA:982,81
DA:983,81
DA:984,81
DA:985,81
DA:986,81
DA:988,81
DA:989,81
DA:990,81
DA:991,81
DA:992,81
DA:993,81
DA:994,81
DA:995,81
DA:996,81
DA:997,81
DA:998,81
DA:999,81
DA:1001,81
DA:1002,81
DA:1003,81
DA:1004,81
DA:1005,81
DA:1006,81
DA:1007,81
DA:1008,81
DA:1009,81
DA:1010,81
DA:1011,81
DA:1012,81
DA:1014,81
DA:1015,81
DA:1016,81
DA:1018,81
DA:1019,81
DA:1020,81
DA:1021,81
DA:1022,81
DA:1023,81
DA:1024,81
DA:1025,81
DA:1026,81
DA:1027,81
DA:1028,81
DA:1029,81
DA:1031,81
DA:1032,81
DA:1033,81
DA:1034,81
DA:1035,81
DA:1038,81
DA:1039,81
DA:1040,81
DA:1041,81
DA:1042,81
DA:1044,81
DA:1045,81
DA:1046,81
DA:1047,81
DA:1048,81
DA:1049,81
DA:1050,81
DA:1051,81
DA:1052,81
DA:1053,81
DA:1054,81
DA:1055,81
DA:1057,81
DA:1058,81
DA:1059,81
DA:1060,81
DA:1061,81
DA:1062,81
DA:1063,81
DA:1065,81
DA:1066,81
DA:1067,81
DA:1068,81
DA:1069,81
DA:1070,81
DA:1071,81
DA:1072,81
DA:1073,81
DA:1074,81
DA:1075,81
DA:1076,81
DA:1078,81
DA:1079,81
DA:1082,81
DA:1083,81
DA:1084,81
DA:1085,81
DA:1086,81
DA:1087,81
DA:1088,81
DA:1089,81
DA:1090,81
DA:1092,81
DA:1093,81
DA:1094,81
DA:1095,81
DA:1096,81
DA:1097,81
DA:1098,81
DA:1100,81
DA:1101,81
DA:1102,81
DA:1103,81
DA:1104,81
DA:1105,81
DA:1106,81
DA:1107,81
DA:1108,81
DA:1111,81
DA:1112,81
DA:1113,81
DA:1114,81
DA:1115,81
DA:1116,81
DA:1117,81
DA:1120,81
DA:1121,0
DA:1123,0
DA:1125,81
DA:1126,81
DA:1128,81
DA:1129,81
DA:1130,1
DA:1132,1
DA:1134,81
DA:1135,80
DA:1137,80
DA:1139,81
DA:1140,0
DA:1141,0
DA:1142,0
DA:1143,0
DA:1144,0
DA:1145,0
DA:1147,0
DA:1148,0
DA:1149,0
DA:1150,0
DA:1151,0
DA:1152,0
DA:1154,81
DA:1155,81
DA:1156,81
DA:1157,81
DA:1159,81
DA:1161,1
LF:990
LH:803
BRDA:54,0,0,10
BRDA:55,1,0,8
BRDA:55,2,0,2
BRDA:56,3,0,2
BRDA:58,4,0,2
BRDA:59,5,0,0
BRDA:60,6,0,2
BRDA:61,7,0,2
BRDA:62,8,0,2
BRDA:63,9,0,2
BRDA:64,10,0,2
BRDA:65,11,0,2
BRDA:66,12,0,0
BRDA:67,13,0,1
BRDA:68,14,0,0
BRDA:69,15,0,2
BRDA:70,16,0,0
BRDA:71,17,0,2
BRDA:72,18,0,2
BRDA:73,19,0,2
BRDA:74,20,0,2
BRDA:75,21,0,2
BRDA:76,22,0,2
BRDA:77,23,0,1
BRDA:78,24,0,2
BRDA:79,25,0,2
BRDA:80,26,0,2
BRDA:81,27,0,2
BRDA:82,28,0,2
BRDA:83,29,0,2
BRDA:84,30,0,2
BRDA:85,31,0,2
BRDA:86,32,0,2
BRDA:87,33,0,2
BRDA:88,34,0,2
BRDA:91,35,0,2
BRDA:92,36,0,2
BRDA:93,37,0,2
BRDA:94,38,0,2
BRDA:95,39,0,2
BRDA:96,40,0,2
BRDA:97,41,0,2
BRDA:98,42,0,2
BRDA:99,43,0,2
BRDA:100,44,0,2
BRDA:101,45,0,2
BRDA:102,46,0,2
BRDA:103,47,0,2
BRDA:104,48,0,2
BRDA:105,49,0,2
BRDA:106,50,0,2
BRDA:107,51,0,2
BRDA:108,52,0,2
BRDA:109,53,0,2
BRDA:110,54,0,2
BRDA:111,55,0,2
BRDA:112,56,0,2
BRDA:113,57,0,2
BRDA:114,58,0,2
BRDA:115,59,0,2
BRDA:116,60,0,2
BRDA:117,61,0,2
BRDA:118,62,0,2
BRDA:119,63,0,2
BRDA:120,64,0,2
BRDA:121,65,0,2
BRDA:122,66,0,2
BRDA:123,67,0,2
BRDA:124,68,0,2
BRDA:130,69,0,80
BRDA:162,70,0,0
BRDA:133,71,0,480
BRDA:134,72,0,400
BRDA:141,73,0,1
BRDA:141,74,0,479
BRDA:142,75,0,80
BRDA:142,76,0,400
BRDA:143,77,0,399
BRDA:143,78,0,81
BRDA:144,79,0,14
BRDA:144,80,0,466
BRDA:150,81,0,80
BRDA:150,82,0,400
BRDA:151,83,0,14
BRDA:151,84,0,466
BRDA:173,85,0,1600
BRDA:180,86,0,4960
BRDA:185,87,0,960
BRDA:186,88,0,1600
BRDA:190,89,0,12
BRDA:194,90,0,3280
BRDA:199,91,0,0
BRDA:203,92,0,2880
BRDA:200,93,0,43
BRDA:208,94,0,400
BRDA:211,95,0,0
BRDA:218,96,0,640
BRDA:222,97,0,51
BRDA:226,98,0,0
BRDA:231,99,0,1
BRDA:227,100,0,3
BRDA:232,101,0,2160
BRDA:237,102,0,480
BRDA:241,103,0,0
BRDA:248,104,0,0
BRDA:256,105,0,480
BRDA:267,106,0,10
BRDA:270,107,0,7
BRDA:270,108,0,3
BRDA:272,109,0,2
BRDA:272,110,0,2
BRDA:272,111,0,0
BRDA:272,112,0,2
BRDA:274,113,0,1
BRDA:290,114,0,1
BRDA:291,115,0,0
BRDA:294,116,0,81
BRDA:620,117,0,1
BRDA:620,118,0,80
BRDA:623,119,0,0
BRDA:623,120,0,80
BRDA:623,121,0,0
BRDA:623,122,0,80
BRDA:624,123,0,80
BRDA:624,124,0,0
BRDA:624,125,0,80
BRDA:625,126,0,80
BRDA:625,127,0,0
BRDA:634,128,0,2
BRDA:662,129,0,79
BRDA:662,130,0,1
BRDA:714,131,0,80
BRDA:714,132,0,80
BRDA:748,133,0,1
BRDA:748,134,0,79
BRDA:751,135,0,0
BRDA:751,136,0,80
BRDA:821,137,0,0
BRDA:821,138,0,80
BRDA:832,139,0,0
BRDA:956,140,0,0
BRDA:956,141,0,80
BRDA:962,142,0,80
BRDA:962,143,0,80
BRDA:991,144,0,80
BRDA:991,145,0,80
BRDA:1015,146,0,0
BRDA:1015,147,0,80
BRDA:1032,148,0,0
BRDA:1032,149,0,80
BRDA:1038,150,0,0
BRDA:1038,151,0,80
BRDA:1041,152,0,0
BRDA:1041,153,0,80
BRDA:1082,154,0,0
BRDA:1082,155,0,80
BRDA:1111,156,0,0
BRDA:1111,157,0,80
BRDA:1120,158,0,0
BRDA:1120,159,0,0
BRDA:1125,160,0,0
BRDA:1125,161,0,80
BRDA:1129,162,0,1
BRDA:1134,163,0,80
BRDA:1139,164,0,0
BRDA:308,165,0,13
BRDA:309,166,0,0
BRDA:309,167,0,0
BRDA:309,168,0,0
BRDA:325,169,0,14
BRDA:326,170,0,0
BRDA:337,171,0,13
BRDA:338,172,0,12
BRDA:340,173,0,10
BRDA:340,174,0,2
BRDA:341,175,0,2
BRDA:344,176,0,0
BRDA:346,177,0,10
BRDA:359,178,0,73
BRDA:360,179,0,72
BRDA:360,180,0,5
BRDA:360,181,0,68
BRDA:362,182,0,68
BRDA:366,183,0,18
BRDA:367,184,0,17
BRDA:367,185,0,14
BRDA:367,186,0,4
BRDA:367,187,0,2
BRDA:368,188,0,2
BRDA:369,189,0,0
BRDA:376,190,0,4640
BRDA:376,191,0,46
BRDA:378,192,0,21
BRDA:380,193,0,0
BRDA:377,194,0,46
BRDA:385,195,0,459
BRDA:388,196,0,403
BRDA:388,197,0,157
BRDA:389,198,0,0
BRDA:389,199,0,0
BRDA:390,200,0,56
BRDA:390,201,0,56
BRDA:391,202,0,56
BRDA:391,203,0,56
BRDA:392,204,0,56
BRDA:392,205,0,56
BRDA:393,206,0,56
BRDA:393,207,0,56
BRDA:394,208,0,403
BRDA:394,209,0,142
BRDA:395,210,0,403
BRDA:395,211,0,207
BRDA:396,212,0,0
BRDA:404,213,0,0
BRDA:404,214,0,0
BRDA:404,215,0,0
BRDA:405,216,0,403
BRDA:405,217,0,312
BRDA:406,218,0,0
BRDA:406,219,0,0
BRDA:408,220,0,0
BRDA:408,221,0,0
BRDA:408,222,0,0
BRDA:418,223,0,4
BRDA:428,224,0,3
BRDA:435,225,0,1
BRDA:422,226,0,4
BRDA:424,227,0,16
BRDA:430,228,0,3
BRDA:439,229,0,400
BRDA:440,230,0,0
BRDA:441,231,0,455
BRDA:442,232,0,386
BRDA:443,233,0,14
BRDA:447,234,0,4
BRDA:449,235,0,1
BRDA:450,236,0,1
BRDA:581,237,0,1
BRDA:611,238,0,2560
BRDA:614,239,0,4400
BRDA:615,240,0,0
BRDA:832,241,0,80
BRDA:838,242,0,0
BRDA:845,243,0,0
BRF:244
BRH:192
end_of_record
TN:
SF:src/hooks/useErrorHandler.js
FN:15,useErrorHandler
FNF:1
FNH:1
FNDA:99,useErrorHandler
DA:1,1
DA:12,1
DA:13,1
DA:14,1
DA:15,1
DA:16,99
DA:17,99
DA:18,99
DA:19,99
DA:20,99
DA:21,99
DA:22,1
LF:12
LH:12
BRDA:15,0,0,99
BRF:1
BRH:1
end_of_record
TN:
SF:src/hooks/useViewport.js
FN:20,useViewport
FN:54,handleResize
FN:97,isBreakpoint
FN:117,isAtLeast
FN:127,isBelow
FN:137,getResponsiveValue
FNF:6
FNH:3
FNDA:96,useViewport
FNDA:24,handleResize
FNDA:0,isBreakpoint
FNDA:0,isAtLeast
FNDA:0,isBelow
FNDA:2,getResponsiveValue
DA:1,1
DA:3,1
DA:4,1
DA:5,1
DA:6,1
DA:7,1
DA:8,1
DA:9,1
DA:10,1
DA:11,1
DA:12,1
DA:14,1
DA:15,1
DA:16,1
DA:17,1
DA:18,1
DA:19,1
DA:20,1
DA:21,96
DA:22,20
DA:23,20
DA:24,20
DA:25,20
DA:26,20
DA:27,20
DA:28,20
DA:29,20
DA:30,20
DA:31,20
DA:32,20
DA:33,20
DA:34,0
DA:35,0
DA:36,0
DA:37,0
DA:38,0
DA:39,0
DA:40,0
DA:41,0
DA:42,0
DA:43,0
DA:44,0
DA:45,96
DA:47,96
DA:48,20
DA:50,20
DA:51,20
DA:52,20
DA:53,20
DA:54,20
DA:55,24
DA:56,24
DA:57,4
DA:58,4
DA:60,24
DA:61,24
DA:62,13
DA:63,13
DA:65,13
DA:66,13
DA:67,13
DA:68,13
DA:69,13
DA:70,13
DA:71,13
DA:72,13
DA:73,13
DA:74,24
DA:75,20
DA:77,20
DA:78,20
DA:79,20
DA:80,20
DA:81,20
DA:83,20
DA:84,20
DA:85,20
DA:86,20
DA:87,20
DA:88,20
DA:89,20
DA:90,96
DA:92,96
DA:93,96
DA:94,96
DA:95,96
DA:96,96
DA:97,96
DA:98,0
DA:99,0
DA:100,0
DA:101,0
DA:102,0
DA:103,0
DA:104,0
DA:105,0
DA:106,0
DA:107,0
DA:108,0
DA:109,0
DA:110,96
DA:112,96
DA:113,96
DA:114,96
DA:115,96
DA:116,96
DA:117,96
DA:118,0
DA:119,0
DA:120,96
DA:122,96
DA:123,96
DA:124,96
DA:125,96
DA:126,96
DA:127,96
DA:128,0
DA:129,0
DA:130,96
DA:132,96
DA:133,96
DA:134,96
DA:135,96
DA:136,96
DA:137,96
DA:138,2
DA:139,1
DA:140,1
DA:141,2
DA:142,0
DA:143,0
DA:144,2
DA:145,0
DA:146,0
DA:147,2
DA:148,0
DA:149,0
DA:150,1
DA:151,1
DA:152,2
DA:153,96
DA:155,96
DA:156,96
DA:157,96
DA:158,96
DA:159,96
DA:160,96
DA:161,96
DA:162,96
DA:163,96
DA:165,1
DA:166,1
DA:167,1
LF:153
LH:120
BRDA:20,0,0,96
BRDA:21,1,0,20
BRDA:28,2,0,19
BRDA:31,3,0,18
BRDA:31,4,0,2
BRDA:33,5,0,0
BRDA:47,6,0,20
BRDA:54,7,0,24
BRDA:56,8,0,4
BRDA:61,9,0,13
BRDA:69,10,0,10
BRDA:72,11,0,9
BRDA:72,12,0,4
BRDA:84,13,0,20
BRDA:137,14,0,2
BRDA:138,15,0,1
BRDA:141,16,0,0
BRDA:143,17,0,1
BRDA:144,18,0,0
BRDA:144,19,0,0
BRDA:146,20,0,1
BRDA:147,21,0,0
BRDA:147,22,0,0
BRDA:149,23,0,1
BRDA:152,24,0,0
BRDA:152,25,0,0
BRDA:152,26,0,0
BRDA:152,27,0,0
BRF:28
BRH:18
end_of_record
TN:
SF:src/services/apiClient.js
FN:4,ApiClient
FN:14,get
FN:19,post
FN:24,put
FN:29,delete
FN:34,getAxiosInstance
FNF:6
FNH:6
FNDA:4,ApiClient
FNDA:1,get
FNDA:1,post
FNDA:1,put
FNDA:1,delete
FNDA:1,getAxiosInstance
DA:1,1
DA:3,1
DA:4,1
DA:5,4
DA:6,4
DA:7,4
DA:8,4
DA:9,4
DA:10,4
DA:11,4
DA:12,4
DA:14,1
DA:15,1
DA:16,1
DA:17,1
DA:19,1
DA:20,1
DA:21,1
DA:22,1
DA:24,1
DA:25,1
DA:26,1
DA:27,1
DA:29,1
DA:30,1
DA:31,1
DA:32,1
DA:33,1
DA:34,1
DA:35,1
DA:36,1
DA:37,1
DA:39,1
LF:33
LH:33
BRDA:4,0,0,4
BRDA:6,1,0,3
BRDA:14,2,0,1
BRDA:19,3,0,1
BRDA:24,4,0,1
BRDA:29,5,0,1
BRDA:34,6,0,1
BRF:7
BRH:7
end_of_record
TN:
SF:src/services/warehouseService.js
FN:9,getAll
FN:18,create
FN:28,update
FN:37,delete
FN:49,getContactNumber
FN:58,getPresignedUrl
FN:71,uploadFileToR2
FN:79,__vite_ssr_import_0__.default.put.transformRequest
FNF:8
FNH:8
FNDA:1,getAll
FNDA:1,create
FNDA:1,update
FNDA:1,delete
FNDA:1,getContactNumber
FNDA:2,getPresignedUrl
FNDA:6,uploadFileToR2
FNDA:1,__vite_ssr_import_0__.default.put.transformRequest
DA:1,1
DA:2,1
DA:4,1
DA:5,1
DA:6,1
DA:7,1
DA:8,1
DA:9,1
DA:10,1
DA:11,1
DA:13,1
DA:14,1
DA:15,1
DA:16,1
DA:17,1
DA:18,1
DA:19,1
DA:20,1
DA:22,1
DA:23,1
DA:24,1
DA:25,1
DA:26,1
DA:27,1
DA:28,1
DA:29,1
DA:30,1
DA:32,1
DA:33,1
DA:34,1
DA:35,1
DA:36,1
DA:37,1
DA:38,1
DA:39,1
DA:40,1
DA:41,1
DA:42,1
DA:44,1
DA:45,1
DA:46,1
DA:47,1
DA:48,1
DA:49,1
DA:50,1
DA:51,1
DA:53,1
DA:54,1
DA:55,1
DA:56,1
DA:57,1
DA:58,1
DA:59,2
DA:60,2
DA:61,2
DA:62,2
DA:63,1
DA:65,1
DA:66,1
DA:67,1
DA:68,1
DA:69,1
DA:70,1
DA:71,1
DA:72,6
DA:73,6
DA:74,6
DA:75,6
DA:76,6
DA:77,6
DA:78,6
DA:79,6
DA:80,6
DA:81,1
DA:82,6
DA:83,5
DA:84,5
DA:85,3
DA:86,3
DA:87,3
DA:88,1
DA:89,1
DA:90,3
DA:91,1
DA:92,1
DA:93,3
DA:94,1
DA:95,3
DA:96,5
DA:97,1
DA:98,1
DA:99,1
DA:100,1
DA:101,5
DA:102,5
DA:103,1
DA:104,1
LF:97
LH:97
BRDA:9,0,0,1
BRDA:18,1,0,1
BRDA:28,2,0,1
BRDA:37,3,0,1
BRDA:49,4,0,1
BRDA:58,5,0,2
BRDA:71,6,0,6
BRDA:80,7,0,1
BRDA:82,8,0,5
BRDA:84,9,0,3
BRDA:87,10,0,1
BRDA:90,11,0,1
BRDA:93,12,0,1
BRDA:96,13,0,2
BRDA:96,14,0,1
BRDA:79,15,0,1
BRF:16
BRH:16
end_of_record
TN:
SF:src/utils/errorHandler.js
FN:16,parseError
FN:69,toMs
FN:71,showErrorMessage
FN:96,showErrorNotification
FN:118,handleOperationError
FN:146,handleUploadError
FN:177,showSuccessMessage
FN:194,clearErrors
FN:198,withRetry
FNF:9
FNH:9
FNDA:19,parseError
FNDA:6,toMs
FNDA:3,showErrorMessage
FNDA:2,showErrorNotification
FNDA:4,handleOperationError
FNDA:1,handleUploadError
FNDA:1,showSuccessMessage
FNDA:6,clearErrors
FNDA:3,withRetry
DA:1,1
DA:3,1
DA:4,1
DA:5,1
DA:7,1
DA:8,1
DA:9,1
DA:10,1
DA:11,1
DA:12,1
DA:13,1
DA:14,1
DA:16,1
DA:17,19
DA:18,19
DA:19,19
DA:20,19
DA:21,19
DA:22,19
DA:23,19
DA:25,19
DA:26,13
DA:27,13
DA:29,13
DA:30,13
DA:31,6
DA:32,6
DA:33,6
DA:34,6
DA:36,13
DA:37,1
DA:38,1
DA:39,1
DA:41,13
DA:42,1
DA:43,1
DA:44,1
DA:46,13
DA:47,1
DA:48,1
DA:49,1
DA:51,13
DA:52,2
DA:53,2
DA:54,2
DA:56,13
DA:57,2
DA:58,13
DA:59,19
DA:60,5
DA:61,5
DA:62,6
DA:63,1
DA:64,1
DA:66,19
DA:67,19
DA:69,1
DA:71,1
DA:72,3
DA:73,3
DA:74,3
DA:75,3
DA:76,3
DA:78,3
DA:79,3
DA:81,3
DA:82,0
DA:83,0
DA:84,0
DA:86,0
DA:87,0
DA:88,0
DA:89,0
DA:90,0
DA:91,3
DA:92,3
DA:93,3
DA:94,3
DA:96,1
DA:97,2
DA:98,2
DA:99,2
DA:100,2
DA:101,2
DA:103,2
DA:105,2
DA:107,2
DA:108,1
DA:109,1
DA:110,1
DA:112,1
DA:113,1
DA:115,2
DA:116,2
DA:118,1
DA:119,4
DA:121,4
DA:122,4
DA:123,4
DA:124,4
DA:125,4
DA:126,4
DA:127,4
DA:129,4
DA:131,4
DA:132,2
DA:133,2
DA:134,2
DA:135,2
DA:136,2
DA:137,2
DA:138,2
DA:139,2
DA:140,2
DA:141,2
DA:143,4
DA:144,4
DA:146,1
DA:147,1
DA:149,1
DA:151,1
DA:152,1
DA:153,1
DA:154,1
DA:155,0
DA:156,0
DA:157,1
DA:158,1
DA:159,1
DA:160,1
DA:161,0
DA:162,0
DA:163,1
DA:164,1
DA:166,1
DA:167,1
DA:168,1
DA:169,1
DA:170,1
DA:171,1
DA:172,1
DA:174,1
DA:175,1
DA:177,1
DA:178,1
DA:180,1
DA:181,1
DA:182,1
DA:183,1
DA:184,1
DA:185,1
DA:186,1
DA:188,1
DA:189,1
DA:191,1
DA:192,1
DA:194,1
DA:195,6
DA:196,6
DA:198,1
DA:199,3
DA:200,3
DA:201,3
DA:202,3
DA:203,3
DA:204,3
DA:206,3
DA:208,3
DA:209,6
DA:210,6
DA:211,6
DA:212,5
DA:214,5
DA:215,1
DA:216,1
DA:217,1
DA:218,1
DA:220,4
DA:221,5
DA:222,1
DA:223,1
DA:224,1
DA:226,3
DA:227,3
DA:228,6
DA:230,3
DA:231,3
DA:233,1
DA:234,1
DA:235,1
DA:236,1
DA:237,1
DA:238,1
DA:239,1
DA:240,1
DA:241,1
DA:242,1
DA:243,1
LF:198
LH:186
BRDA:16,0,0,19
BRDA:25,1,0,13
BRDA:30,2,0,6
BRDA:32,3,0,2
BRDA:33,4,0,2
BRDA:33,5,0,4
BRDA:33,6,0,3
BRDA:36,7,0,1
BRDA:41,8,0,1
BRDA:46,9,0,1
BRDA:51,10,0,2
BRDA:56,11,0,2
BRDA:57,12,0,1
BRDA:59,13,0,6
BRDA:59,14,0,5
BRDA:62,15,0,1
BRDA:63,16,0,0
BRDA:69,17,0,6
BRDA:71,18,0,3
BRDA:78,19,0,0
BRDA:79,20,0,0
BRDA:81,21,0,0
BRDA:81,22,0,0
BRDA:96,23,0,2
BRDA:103,24,0,0
BRDA:107,25,0,1
BRDA:107,26,0,1
BRDA:108,27,0,1
BRDA:118,28,0,4
BRDA:129,29,0,1
BRDA:131,30,0,2
BRDA:146,31,0,1
BRDA:154,32,0,0
BRDA:160,33,0,0
BRDA:177,34,0,1
BRDA:188,35,0,0
BRDA:189,36,0,0
BRDA:194,37,0,6
BRDA:198,38,0,3
BRDA:208,39,0,6
BRDA:211,40,0,5
BRDA:214,41,0,1
BRDA:218,42,0,4
BRDA:221,43,0,1
BRDA:224,44,0,3
BRDA:226,45,0,3
BRF:46
BRH:36
end_of_record
TN:
SF:src/utils/mediaUtils.js
FN:6,getMediaFromWarehouse
FNF:1
FNH:1
FNDA:8,getMediaFromWarehouse
DA:1,1
DA:2,1
DA:3,1
DA:4,1
DA:5,1
DA:6,1
DA:7,8
DA:9,6
DA:10,8
DA:11,2
DA:12,2
DA:13,2
DA:15,4
DA:16,4
LF:14
LH:14
BRDA:6,0,0,8
BRDA:7,1,0,2
BRDA:7,2,0,6
BRDA:10,3,0,2
BRDA:10,4,0,4
BRDA:10,5,0,2
BRDA:11,6,0,6
BRF:7
BRH:7
end_of_record
TN:
SF:src/utils/toast.js
FN:7,ensureContainer
FN:23,showToast
FN:38,remove
FN:50,destroyAllToasts
FNF:4
FNH:4
FNDA:14,ensureContainer
FNDA:14,showToast
FNDA:5,remove
FNDA:7,destroyAllToasts
DA:1,1
DA:2,1
DA:3,1
DA:5,1
DA:7,14
DA:8,14
DA:9,14
DA:10,12
DA:11,12
DA:12,12
DA:13,12
DA:14,12
DA:15,12
DA:16,14
DA:17,14
DA:19,1
DA:20,1
DA:21,1
DA:22,1
DA:23,1
DA:24,14
DA:25,14
DA:26,14
DA:28,14
DA:29,14
DA:30,14
DA:31,14
DA:32,14
DA:33,3
DA:34,3
DA:36,14
DA:38,14
DA:39,5
DA:40,5
DA:41,14
DA:43,14
DA:44,14
DA:45,1
DA:46,1
DA:47,14
DA:48,14
DA:50,1
DA:51,7
DA:52,7
LF:44
LH:44
BRDA:7,0,0,14
BRDA:8,1,0,0
BRDA:9,2,0,7
BRDA:9,3,0,12
BRDA:23,4,0,14
BRDA:26,5,0,0
BRDA:32,6,0,3
BRDA:38,7,0,5
BRDA:40,8,0,5
BRDA:44,9,0,1
BRDA:50,10,0,7
BRDA:51,11,0,5
BRF:12
BRH:10
end_of_record
